# JRE version: Java(TM) SE Runtime Environment (8.0_74-b02) (build 1.8.0_74-b02)
# Java VM: Java HotSpot(TM) 64-Bit Server VM (25.74-b02 mixed mode windows-amd64 compressed oops)
Heap:
 PSYoungGen      total 216576K, used 179449K [0x00000000d5c00000, 0x00000000e4800000, 0x0000000100000000)
  eden space 211968K, 84% used [0x00000000d5c00000,0x00000000e0b3e640,0x00000000e2b00000)
  from space 4608K, 0% used [0x00000000e2b00000,0x00000000e2b00000,0x00000000e2f80000)
  to   space 14848K, 0% used [0x00000000e3980000,0x00000000e3980000,0x00000000e4800000)
 ParOldGen       total 110592K, used 27352K [0x0000000081400000, 0x0000000088000000, 0x00000000d5c00000)
  object space 110592K, 24% used [0x0000000081400000,0x0000000082eb6020,0x0000000088000000)
 Metaspace       used 48968K, capacity 50526K, committed 50776K, reserved 1093632K
  class space    used 6298K, capacity 6712K, committed 6784K, reserved 1048576K
GC Heap History (10 events):
Event: 551.331 GC heap before
{Heap before GC invocations=26 (full 9):
 PSYoungGen      total 216576K, used 4431K [0x00000000d5c00000, 0x00000000e4a00000, 0x0000000100000000)
  eden space 211968K, 0% used [0x00000000d5c00000,0x00000000d5c00000,0x00000000e2b00000)
  from space 4608K, 96% used [0x00000000e2b00000,0x00000000e2f53d28,0x00000000e2f80000)
  to   space 15872K, 0% used [0x00000000e3a80000,0x00000000e3a80000,0x00000000e4a00000)
 ParOldGen       total 110592K, used 26717K [0x0000000081400000, 0x0000000088000000, 0x00000000d5c00000)
  object space 110592K, 24% used [0x0000000081400000,0x0000000082e17778,0x0000000088000000)
 Metaspace       used 47787K, capacity 49062K, committed 49240K, reserved 1091584K
  class space    used 6180K, capacity 6505K, committed 6528K, reserved 1048576K
Event: 551.467 GC heap after
Heap after GC invocations=26 (full 9):
 PSYoungGen      total 216576K, used 0K [0x00000000d5c00000, 0x00000000e4a00000, 0x0000000100000000)
  eden space 211968K, 0% used [0x00000000d5c00000,0x00000000d5c00000,0x00000000e2b00000)
  from space 4608K, 0% used [0x00000000e2b00000,0x00000000e2b00000,0x00000000e2f80000)
  to   space 15872K, 0% used [0x00000000e3a80000,0x00000000e3a80000,0x00000000e4a00000)
 ParOldGen       total 110592K, used 26894K [0x0000000081400000, 0x0000000088000000, 0x00000000d5c00000)
  object space 110592K, 24% used [0x0000000081400000,0x0000000082e43800,0x0000000088000000)
 Metaspace       used 47785K, capacity 49056K, committed 49240K, reserved 1091584K
  class space    used 6179K, capacity 6503K, committed 6528K, reserved 1048576K
}
Event: 594.191 GC heap before
{Heap before GC invocations=27 (full 9):
 PSYoungGen      total 216576K, used 176583K [0x00000000d5c00000, 0x00000000e4a00000, 0x0000000100000000)
  eden space 211968K, 83% used [0x00000000d5c00000,0x00000000e0871d40,0x00000000e2b00000)
  from space 4608K, 0% used [0x00000000e2b00000,0x00000000e2b00000,0x00000000e2f80000)
  to   space 15872K, 0% used [0x00000000e3a80000,0x00000000e3a80000,0x00000000e4a00000)
 ParOldGen       total 110592K, used 26894K [0x0000000081400000, 0x0000000088000000, 0x00000000d5c00000)
  object space 110592K, 24% used [0x0000000081400000,0x0000000082e43800,0x0000000088000000)
 Metaspace       used 48360K, capacity 49896K, committed 50136K, reserved 1093632K
  class space    used 6253K, capacity 6632K, committed 6656K, reserved 1048576K
Event: 594.198 GC heap after
Heap after GC invocations=27 (full 9):
 PSYoungGen      total 226816K, used 4656K [0x00000000d5c00000, 0x00000000e4900000, 0x0000000100000000)
  eden space 211968K, 0% used [0x00000000d5c00000,0x00000000d5c00000,0x00000000e2b00000)
  from space 14848K, 31% used [0x00000000e3a80000,0x00000000e3f0c188,0x00000000e4900000)
  to   space 15360K, 0% used [0x00000000e2b00000,0x00000000e2b00000,0x00000000e3a00000)
 ParOldGen       total 110592K, used 26902K [0x0000000081400000, 0x0000000088000000, 0x00000000d5c00000)
  object space 110592K, 24% used [0x0000000081400000,0x0000000082e45800,0x0000000088000000)
 Metaspace       used 48360K, capacity 49896K, committed 50136K, reserved 1093632K
  class space    used 6253K, capacity 6632K, committed 6656K, reserved 1048576K
}
Event: 594.198 GC heap before
{Heap before GC invocations=28 (full 10):
 PSYoungGen      total 226816K, used 4656K [0x00000000d5c00000, 0x00000000e4900000, 0x0000000100000000)
  eden space 211968K, 0% used [0x00000000d5c00000,0x00000000d5c00000,0x00000000e2b00000)
  from space 14848K, 31% used [0x00000000e3a80000,0x00000000e3f0c188,0x00000000e4900000)
  to   space 15360K, 0% used [0x00000000e2b00000,0x00000000e2b00000,0x00000000e3a00000)
 ParOldGen       total 110592K, used 26902K [0x0000000081400000, 0x0000000088000000, 0x00000000d5c00000)
  object space 110592K, 24% used [0x0000000081400000,0x0000000082e45800,0x0000000088000000)
 Metaspace       used 48360K, capacity 49896K, committed 50136K, reserved 1093632K
  class space    used 6253K, capacity 6632K, committed 6656K, reserved 1048576K
Event: 594.392 GC heap after
Heap after GC invocations=28 (full 10):
 PSYoungGen      total 226816K, used 0K [0x00000000d5c00000, 0x00000000e4900000, 0x0000000100000000)
  eden space 211968K, 0% used [0x00000000d5c00000,0x00000000d5c00000,0x00000000e2b00000)
  from space 14848K, 0% used [0x00000000e3a80000,0x00000000e3a80000,0x00000000e4900000)
  to   space 15360K, 0% used [0x00000000e2b00000,0x00000000e2b00000,0x00000000e3a00000)
 ParOldGen       total 110592K, used 27276K [0x0000000081400000, 0x0000000088000000, 0x00000000d5c00000)
  object space 110592K, 24% used [0x0000000081400000,0x0000000082ea3110,0x0000000088000000)
 Metaspace       used 48357K, capacity 49890K, committed 50136K, reserved 1093632K
  class space    used 6252K, capacity 6630K, committed 6656K, reserved 1048576K
}
Event: 823.838 GC heap before
{Heap before GC invocations=29 (full 10):
 PSYoungGen      total 226816K, used 185575K [0x00000000d5c00000, 0x00000000e4900000, 0x0000000100000000)
  eden space 211968K, 87% used [0x00000000d5c00000,0x00000000e1139cd0,0x00000000e2b00000)
  from space 14848K, 0% used [0x00000000e3a80000,0x00000000e3a80000,0x00000000e4900000)
  to   space 15360K, 0% used [0x00000000e2b00000,0x00000000e2b00000,0x00000000e3a00000)
 ParOldGen       total 110592K, used 27276K [0x0000000081400000, 0x0000000088000000, 0x00000000d5c00000)
  object space 110592K, 24% used [0x0000000081400000,0x0000000082ea3110,0x0000000088000000)
 Metaspace       used 48593K, capacity 50150K, committed 50264K, reserved 1093632K
  class space    used 6273K, capacity 6673K, committed 6784K, reserved 1048576K
Event: 823.846 GC heap after
Heap after GC invocations=29 (full 10):
 PSYoungGen      total 216576K, used 4399K [0x00000000d5c00000, 0x00000000e4800000, 0x0000000100000000)
  eden space 211968K, 0% used [0x00000000d5c00000,0x00000000d5c00000,0x00000000e2b00000)
  from space 4608K, 95% used [0x00000000e2b00000,0x00000000e2f4bd28,0x00000000e2f80000)
  to   space 14848K, 0% used [0x00000000e3980000,0x00000000e3980000,0x00000000e4800000)
 ParOldGen       total 110592K, used 27284K [0x0000000081400000, 0x0000000088000000, 0x00000000d5c00000)
  object space 110592K, 24% used [0x0000000081400000,0x0000000082ea5110,0x0000000088000000)
 Metaspace       used 48593K, capacity 50150K, committed 50264K, reserved 1093632K
  class space    used 6273K, capacity 6673K, committed 6784K, reserved 1048576K
}
Event: 823.846 GC heap before
{Heap before GC invocations=30 (full 11):
 PSYoungGen      total 216576K, used 4399K [0x00000000d5c00000, 0x00000000e4800000, 0x0000000100000000)
  eden space 211968K, 0% used [0x00000000d5c00000,0x00000000d5c00000,0x00000000e2b00000)
  from space 4608K, 95% used [0x00000000e2b00000,0x00000000e2f4bd28,0x00000000e2f80000)
  to   space 14848K, 0% used [0x00000000e3980000,0x00000000e3980000,0x00000000e4800000)
 ParOldGen       total 110592K, used 27284K [0x0000000081400000, 0x0000000088000000, 0x00000000d5c00000)
  object space 110592K, 24% used [0x0000000081400000,0x0000000082ea5110,0x0000000088000000)
 Metaspace       used 48593K, capacity 50150K, committed 50264K, reserved 1093632K
  class space    used 6273K, capacity 6673K, committed 6784K, reserved 1048576K
Event: 823.956 GC heap after
Heap after GC invocations=30 (full 11):
 PSYoungGen      total 216576K, used 0K [0x00000000d5c00000, 0x00000000e4800000, 0x0000000100000000)
  eden space 211968K, 0% used [0x00000000d5c00000,0x00000000d5c00000,0x00000000e2b00000)
  from space 4608K, 0% used [0x00000000e2b00000,0x00000000e2b00000,0x00000000e2f80000)
  to   space 14848K, 0% used [0x00000000e3980000,0x00000000e3980000,0x00000000e4800000)
 ParOldGen       total 110592K, used 27352K [0x0000000081400000, 0x0000000088000000, 0x00000000d5c00000)
  object space 110592K, 24% used [0x0000000081400000,0x0000000082eb6020,0x0000000088000000)
 Metaspace       used 48590K, capacity 50144K, committed 50264K, reserved 1093632K
  class space    used 6272K, capacity 6671K, committed 6784K, reserved 1048576K
}

