# JRE version: Java(TM) SE Runtime Environment (8.0_74-b02) (build 1.8.0_74-b02)
# Java VM: Java HotSpot(TM) 64-Bit Server VM (25.74-b02 mixed mode windows-amd64 compressed oops)
Heap:
 PSYoungGen      total 220160K, used 183099K [0x00000000d5c00000, 0x00000000e4500000, 0x0000000100000000)
  eden space 203264K, 90% used [0x00000000d5c00000,0x00000000e0ecedd0,0x00000000e2280000)
  from space 16896K, 0% used [0x00000000e3380000,0x00000000e3380000,0x00000000e4400000)
  to   space 17408K, 0% used [0x00000000e2280000,0x00000000e2280000,0x00000000e3380000)
 ParOldGen       total 111616K, used 25165K [0x0000000081400000, 0x0000000088100000, 0x00000000d5c00000)
  object space 111616K, 22% used [0x0000000081400000,0x0000000082c937c8,0x0000000088100000)
 Metaspace       used 46225K, capacity 47048K, committed 47192K, reserved 1089536K
  class space    used 6035K, capacity 6263K, committed 6272K, reserved 1048576K
GC Heap History (10 events):
Event: 169.663 GC heap before
{Heap before GC invocations=12 (full 2):
 PSYoungGen      total 160768K, used 107970K [0x00000000d5c00000, 0x00000000e2700000, 0x0000000100000000)
  eden space 143872K, 67% used [0x00000000d5c00000,0x00000000dbadc350,0x00000000de880000)
  from space 16896K, 64% used [0x00000000de880000,0x00000000df3145f0,0x00000000df900000)
  to   space 16896K, 0% used [0x00000000e1680000,0x00000000e1680000,0x00000000e2700000)
 ParOldGen       total 111616K, used 25152K [0x0000000081400000, 0x0000000088100000, 0x00000000d5c00000)
  object space 111616K, 22% used [0x0000000081400000,0x0000000082c90368,0x0000000088100000)
 Metaspace       used 45313K, capacity 45882K, committed 46296K, reserved 1089536K
  class space    used 5932K, capacity 6114K, committed 6144K, reserved 1048576K
Event: 169.679 GC heap after
Heap after GC invocations=12 (full 2):
 PSYoungGen      total 190464K, used 12029K [0x00000000d5c00000, 0x00000000e2800000, 0x0000000100000000)
  eden space 173568K, 0% used [0x00000000d5c00000,0x00000000d5c00000,0x00000000e0580000)
  from space 16896K, 71% used [0x00000000e1680000,0x00000000e223f5a8,0x00000000e2700000)
  to   space 17408K, 0% used [0x00000000e0580000,0x00000000e0580000,0x00000000e1680000)
 ParOldGen       total 111616K, used 25160K [0x0000000081400000, 0x0000000088100000, 0x00000000d5c00000)
  object space 111616K, 22% used [0x0000000081400000,0x0000000082c92368,0x0000000088100000)
 Metaspace       used 45313K, capacity 45882K, committed 46296K, reserved 1089536K
  class space    used 5932K, capacity 6114K, committed 6144K, reserved 1048576K
}
Event: 169.679 GC heap before
{Heap before GC invocations=13 (full 3):
 PSYoungGen      total 190464K, used 12029K [0x00000000d5c00000, 0x00000000e2800000, 0x0000000100000000)
  eden space 173568K, 0% used [0x00000000d5c00000,0x00000000d5c00000,0x00000000e0580000)
  from space 16896K, 71% used [0x00000000e1680000,0x00000000e223f5a8,0x00000000e2700000)
  to   space 17408K, 0% used [0x00000000e0580000,0x00000000e0580000,0x00000000e1680000)
 ParOldGen       total 111616K, used 25160K [0x0000000081400000, 0x0000000088100000, 0x00000000d5c00000)
  object space 111616K, 22% used [0x0000000081400000,0x0000000082c92368,0x0000000088100000)
 Metaspace       used 45313K, capacity 45882K, committed 46296K, reserved 1089536K
  class space    used 5932K, capacity 6114K, committed 6144K, reserved 1048576K
Event: 169.863 GC heap after
Heap after GC invocations=13 (full 3):
 PSYoungGen      total 190464K, used 0K [0x00000000d5c00000, 0x00000000e2800000, 0x0000000100000000)
  eden space 173568K, 0% used [0x00000000d5c00000,0x00000000d5c00000,0x00000000e0580000)
  from space 16896K, 0% used [0x00000000e1680000,0x00000000e1680000,0x00000000e2700000)
  to   space 17408K, 0% used [0x00000000e0580000,0x00000000e0580000,0x00000000e1680000)
 ParOldGen       total 111616K, used 27309K [0x0000000081400000, 0x0000000088100000, 0x00000000d5c00000)
  object space 111616K, 24% used [0x0000000081400000,0x0000000082eab450,0x0000000088100000)
 Metaspace       used 45313K, capacity 45882K, committed 46296K, reserved 1089536K
  class space    used 5932K, capacity 6114K, committed 6144K, reserved 1048576K
}
Event: 220.271 GC heap before
{Heap before GC invocations=14 (full 3):
 PSYoungGen      total 190464K, used 173568K [0x00000000d5c00000, 0x00000000e2800000, 0x0000000100000000)
  eden space 173568K, 100% used [0x00000000d5c00000,0x00000000e0580000,0x00000000e0580000)
  from space 16896K, 0% used [0x00000000e1680000,0x00000000e1680000,0x00000000e2700000)
  to   space 17408K, 0% used [0x00000000e0580000,0x00000000e0580000,0x00000000e1680000)
 ParOldGen       total 111616K, used 27309K [0x0000000081400000, 0x0000000088100000, 0x00000000d5c00000)
  object space 111616K, 24% used [0x0000000081400000,0x0000000082eab450,0x0000000088100000)
 Metaspace       used 45705K, capacity 46482K, committed 46680K, reserved 1089536K
  class space    used 5979K, capacity 6202K, committed 6272K, reserved 1048576K
Event: 220.285 GC heap after
Heap after GC invocations=14 (full 3):
 PSYoungGen      total 190976K, used 6608K [0x00000000d5c00000, 0x00000000e4400000, 0x0000000100000000)
  eden space 173568K, 0% used [0x00000000d5c00000,0x00000000d5c00000,0x00000000e0580000)
  from space 17408K, 37% used [0x00000000e0580000,0x00000000e0bf4238,0x00000000e1680000)
  to   space 16896K, 0% used [0x00000000e3380000,0x00000000e3380000,0x00000000e4400000)
 ParOldGen       total 111616K, used 27317K [0x0000000081400000, 0x0000000088100000, 0x00000000d5c00000)
  object space 111616K, 24% used [0x0000000081400000,0x0000000082ead450,0x0000000088100000)
 Metaspace       used 45705K, capacity 46482K, committed 46680K, reserved 1089536K
  class space    used 5979K, capacity 6202K, committed 6272K, reserved 1048576K
}
Event: 254.667 GC heap before
{Heap before GC invocations=15 (full 3):
 PSYoungGen      total 190976K, used 22384K [0x00000000d5c00000, 0x00000000e4400000, 0x0000000100000000)
  eden space 173568K, 9% used [0x00000000d5c00000,0x00000000d6b68148,0x00000000e0580000)
  from space 17408K, 37% used [0x00000000e0580000,0x00000000e0bf4238,0x00000000e1680000)
  to   space 16896K, 0% used [0x00000000e3380000,0x00000000e3380000,0x00000000e4400000)
 ParOldGen       total 111616K, used 27317K [0x0000000081400000, 0x0000000088100000, 0x00000000d5c00000)
  object space 111616K, 24% used [0x0000000081400000,0x0000000082ead450,0x0000000088100000)
 Metaspace       used 45763K, capacity 46552K, committed 46680K, reserved 1089536K
  class space    used 5982K, capacity 6204K, committed 6272K, reserved 1048576K
Event: 254.675 GC heap after
Heap after GC invocations=15 (full 3):
 PSYoungGen      total 220160K, used 3808K [0x00000000d5c00000, 0x00000000e4500000, 0x0000000100000000)
  eden space 203264K, 0% used [0x00000000d5c00000,0x00000000d5c00000,0x00000000e2280000)
  from space 16896K, 22% used [0x00000000e3380000,0x00000000e37380a0,0x00000000e4400000)
  to   space 17408K, 0% used [0x00000000e2280000,0x00000000e2280000,0x00000000e3380000)
 ParOldGen       total 111616K, used 27317K [0x0000000081400000, 0x0000000088100000, 0x00000000d5c00000)
  object space 111616K, 24% used [0x0000000081400000,0x0000000082ead450,0x0000000088100000)
 Metaspace       used 45763K, capacity 46552K, committed 46680K, reserved 1089536K
  class space    used 5982K, capacity 6204K, committed 6272K, reserved 1048576K
}
Event: 254.676 GC heap before
{Heap before GC invocations=16 (full 4):
 PSYoungGen      total 220160K, used 3808K [0x00000000d5c00000, 0x00000000e4500000, 0x0000000100000000)
  eden space 203264K, 0% used [0x00000000d5c00000,0x00000000d5c00000,0x00000000e2280000)
  from space 16896K, 22% used [0x00000000e3380000,0x00000000e37380a0,0x00000000e4400000)
  to   space 17408K, 0% used [0x00000000e2280000,0x00000000e2280000,0x00000000e3380000)
 ParOldGen       total 111616K, used 27317K [0x0000000081400000, 0x0000000088100000, 0x00000000d5c00000)
  object space 111616K, 24% used [0x0000000081400000,0x0000000082ead450,0x0000000088100000)
 Metaspace       used 45763K, capacity 46552K, committed 46680K, reserved 1089536K
  class space    used 5982K, capacity 6204K, committed 6272K, reserved 1048576K
Event: 254.865 GC heap after
Heap after GC invocations=16 (full 4):
 PSYoungGen      total 220160K, used 0K [0x00000000d5c00000, 0x00000000e4500000, 0x0000000100000000)
  eden space 203264K, 0% used [0x00000000d5c00000,0x00000000d5c00000,0x00000000e2280000)
  from space 16896K, 0% used [0x00000000e3380000,0x00000000e3380000,0x00000000e4400000)
  to   space 17408K, 0% used [0x00000000e2280000,0x00000000e2280000,0x00000000e3380000)
 ParOldGen       total 111616K, used 25165K [0x0000000081400000, 0x0000000088100000, 0x00000000d5c00000)
  object space 111616K, 22% used [0x0000000081400000,0x0000000082c937c8,0x0000000088100000)
 Metaspace       used 45760K, capacity 46546K, committed 46680K, reserved 1089536K
  class space    used 5981K, capacity 6202K, committed 6272K, reserved 1048576K
}

