# JRE version: Java(TM) SE Runtime Environment (8.0_74-b02) (build 1.8.0_74-b02)
# Java VM: Java HotSpot(TM) 64-Bit Server VM (25.74-b02 mixed mode windows-amd64 compressed oops)
Heap:
 PSYoungGen      total 165376K, used 108752K [0x00000000d5c00000, 0x00000000e2f00000, 0x0000000100000000)
  eden space 147968K, 66% used [0x00000000d5c00000,0x00000000dbb7a680,0x00000000dec80000)
  from space 17408K, 63% used [0x00000000dec80000,0x00000000df739d70,0x00000000dfd80000)
  to   space 16896K, 0% used [0x00000000e1e80000,0x00000000e1e80000,0x00000000e2f00000)
 ParOldGen       total 109568K, used 25149K [0x0000000081400000, 0x0000000087f00000, 0x00000000d5c00000)
  object space 109568K, 22% used [0x0000000081400000,0x0000000082c8f5b8,0x0000000087f00000)
 Metaspace       used 45117K, capacity 45618K, committed 46040K, reserved 1089536K
  class space    used 5910K, capacity 6047K, committed 6144K, reserved 1048576K
GC Heap History (10 events):
Event: 3.766 GC heap before
{Heap before GC invocations=7 (full 1):
 PSYoungGen      total 71680K, used 66560K [0x00000000d5c00000, 0x00000000df300000, 0x0000000100000000)
  eden space 66560K, 100% used [0x00000000d5c00000,0x00000000d9d00000,0x00000000d9d00000)
  from space 5120K, 0% used [0x00000000d9d00000,0x00000000d9d00000,0x00000000da200000)
  to   space 10752K, 0% used [0x00000000de880000,0x00000000de880000,0x00000000df300000)
 ParOldGen       total 63488K, used 9832K [0x0000000081400000, 0x0000000085200000, 0x00000000d5c00000)
  object space 63488K, 15% used [0x0000000081400000,0x0000000081d9a158,0x0000000085200000)
 Metaspace       used 24485K, capacity 24972K, committed 25088K, reserved 1071104K
  class space    used 3215K, capacity 3317K, committed 3328K, reserved 1048576K
Event: 3.777 GC heap after
Heap after GC invocations=7 (full 1):
 PSYoungGen      total 110592K, used 9413K [0x00000000d5c00000, 0x00000000df200000, 0x0000000100000000)
  eden space 100864K, 0% used [0x00000000d5c00000,0x00000000d5c00000,0x00000000dbe80000)
  from space 9728K, 96% used [0x00000000de880000,0x00000000df1b15e0,0x00000000df200000)
  to   space 11776K, 0% used [0x00000000ddb00000,0x00000000ddb00000,0x00000000de680000)
 ParOldGen       total 63488K, used 9840K [0x0000000081400000, 0x0000000085200000, 0x00000000d5c00000)
  object space 63488K, 15% used [0x0000000081400000,0x0000000081d9c158,0x0000000085200000)
 Metaspace       used 24485K, capacity 24972K, committed 25088K, reserved 1071104K
  class space    used 3215K, capacity 3317K, committed 3328K, reserved 1048576K
}
Event: 4.641 GC heap before
{Heap before GC invocations=8 (full 1):
 PSYoungGen      total 110592K, used 110277K [0x00000000d5c00000, 0x00000000df200000, 0x0000000100000000)
  eden space 100864K, 100% used [0x00000000d5c00000,0x00000000dbe80000,0x00000000dbe80000)
  from space 9728K, 96% used [0x00000000de880000,0x00000000df1b15e0,0x00000000df200000)
  to   space 11776K, 0% used [0x00000000ddb00000,0x00000000ddb00000,0x00000000de680000)
 ParOldGen       total 63488K, used 9840K [0x0000000081400000, 0x0000000085200000, 0x00000000d5c00000)
  object space 63488K, 15% used [0x0000000081400000,0x0000000081d9c158,0x0000000085200000)
 Metaspace       used 26414K, capacity 26884K, committed 27136K, reserved 1073152K
  class space    used 3462K, capacity 3545K, committed 3584K, reserved 1048576K
Event: 4.656 GC heap after
Heap after GC invocations=8 (full 1):
 PSYoungGen      total 141824K, used 11228K [0x00000000d5c00000, 0x00000000e0a80000, 0x0000000100000000)
  eden space 130048K, 0% used [0x00000000d5c00000,0x00000000d5c00000,0x00000000ddb00000)
  from space 11776K, 95% used [0x00000000ddb00000,0x00000000de5f70c8,0x00000000de680000)
  to   space 13312K, 0% used [0x00000000dfd80000,0x00000000dfd80000,0x00000000e0a80000)
 ParOldGen       total 63488K, used 9848K [0x0000000081400000, 0x0000000085200000, 0x00000000d5c00000)
  object space 63488K, 15% used [0x0000000081400000,0x0000000081d9e158,0x0000000085200000)
 Metaspace       used 26414K, capacity 26884K, committed 27136K, reserved 1073152K
  class space    used 3462K, capacity 3545K, committed 3584K, reserved 1048576K
}
Event: 5.990 GC heap before
{Heap before GC invocations=9 (full 1):
 PSYoungGen      total 141824K, used 111524K [0x00000000d5c00000, 0x00000000e0a80000, 0x0000000100000000)
  eden space 130048K, 77% used [0x00000000d5c00000,0x00000000dbdf1fa0,0x00000000ddb00000)
  from space 11776K, 95% used [0x00000000ddb00000,0x00000000de5f70c8,0x00000000de680000)
  to   space 13312K, 0% used [0x00000000dfd80000,0x00000000dfd80000,0x00000000e0a80000)
 ParOldGen       total 63488K, used 9848K [0x0000000081400000, 0x0000000085200000, 0x00000000d5c00000)
  object space 63488K, 15% used [0x0000000081400000,0x0000000081d9e158,0x0000000085200000)
 Metaspace       used 34697K, capacity 35206K, committed 35416K, reserved 1079296K
  class space    used 4553K, capacity 4708K, committed 4736K, reserved 1048576K
Event: 6.016 GC heap after
Heap after GC invocations=9 (full 1):
 PSYoungGen      total 161280K, used 13300K [0x00000000d5c00000, 0x00000000e3d80000, 0x0000000100000000)
  eden space 147968K, 0% used [0x00000000d5c00000,0x00000000d5c00000,0x00000000dec80000)
  from space 13312K, 99% used [0x00000000dfd80000,0x00000000e0a7d0e0,0x00000000e0a80000)
  to   space 17408K, 0% used [0x00000000dec80000,0x00000000dec80000,0x00000000dfd80000)
 ParOldGen       total 63488K, used 15135K [0x0000000081400000, 0x0000000085200000, 0x00000000d5c00000)
  object space 63488K, 23% used [0x0000000081400000,0x00000000822c7df8,0x0000000085200000)
 Metaspace       used 34697K, capacity 35206K, committed 35416K, reserved 1079296K
  class space    used 4553K, capacity 4708K, committed 4736K, reserved 1048576K
}
Event: 6.016 GC heap before
{Heap before GC invocations=10 (full 2):
 PSYoungGen      total 161280K, used 13300K [0x00000000d5c00000, 0x00000000e3d80000, 0x0000000100000000)
  eden space 147968K, 0% used [0x00000000d5c00000,0x00000000d5c00000,0x00000000dec80000)
  from space 13312K, 99% used [0x00000000dfd80000,0x00000000e0a7d0e0,0x00000000e0a80000)
  to   space 17408K, 0% used [0x00000000dec80000,0x00000000dec80000,0x00000000dfd80000)
 ParOldGen       total 63488K, used 15135K [0x0000000081400000, 0x0000000085200000, 0x00000000d5c00000)
  object space 63488K, 23% used [0x0000000081400000,0x00000000822c7df8,0x0000000085200000)
 Metaspace       used 34697K, capacity 35206K, committed 35416K, reserved 1079296K
  class space    used 4553K, capacity 4708K, committed 4736K, reserved 1048576K
Event: 6.143 GC heap after
Heap after GC invocations=10 (full 2):
 PSYoungGen      total 161280K, used 0K [0x00000000d5c00000, 0x00000000e3d80000, 0x0000000100000000)
  eden space 147968K, 0% used [0x00000000d5c00000,0x00000000d5c00000,0x00000000dec80000)
  from space 13312K, 0% used [0x00000000dfd80000,0x00000000dfd80000,0x00000000e0a80000)
  to   space 17408K, 0% used [0x00000000dec80000,0x00000000dec80000,0x00000000dfd80000)
 ParOldGen       total 109568K, used 25141K [0x0000000081400000, 0x0000000087f00000, 0x00000000d5c00000)
  object space 109568K, 22% used [0x0000000081400000,0x0000000082c8d5b8,0x0000000087f00000)
 Metaspace       used 34697K, capacity 35206K, committed 35416K, reserved 1079296K
  class space    used 4553K, capacity 4708K, committed 4736K, reserved 1048576K
}
Event: 7.630 GC heap before
{Heap before GC invocations=11 (full 2):
 PSYoungGen      total 161280K, used 147968K [0x00000000d5c00000, 0x00000000e3d80000, 0x0000000100000000)
  eden space 147968K, 100% used [0x00000000d5c00000,0x00000000dec80000,0x00000000dec80000)
  from space 13312K, 0% used [0x00000000dfd80000,0x00000000dfd80000,0x00000000e0a80000)
  to   space 17408K, 0% used [0x00000000dec80000,0x00000000dec80000,0x00000000dfd80000)
 ParOldGen       total 109568K, used 25141K [0x0000000081400000, 0x0000000087f00000, 0x00000000d5c00000)
  object space 109568K, 22% used [0x0000000081400000,0x0000000082c8d5b8,0x0000000087f00000)
 Metaspace       used 39860K, capacity 40336K, committed 40792K, reserved 1085440K
  class space    used 5271K, capacity 5387K, committed 5504K, reserved 1048576K
Event: 7.657 GC heap after
Heap after GC invocations=11 (full 2):
 PSYoungGen      total 165376K, used 10983K [0x00000000d5c00000, 0x00000000e2f00000, 0x0000000100000000)
  eden space 147968K, 0% used [0x00000000d5c00000,0x00000000d5c00000,0x00000000dec80000)
  from space 17408K, 63% used [0x00000000dec80000,0x00000000df739d70,0x00000000dfd80000)
  to   space 16896K, 0% used [0x00000000e1e80000,0x00000000e1e80000,0x00000000e2f00000)
 ParOldGen       total 109568K, used 25149K [0x0000000081400000, 0x0000000087f00000, 0x00000000d5c00000)
  object space 109568K, 22% used [0x0000000081400000,0x0000000082c8f5b8,0x0000000087f00000)
 Metaspace       used 39860K, capacity 40336K, committed 40792K, reserved 1085440K
  class space    used 5271K, capacity 5387K, committed 5504K, reserved 1048576K
}

