# JRE version: Java(TM) SE Runtime Environment (8.0_74-b02) (build 1.8.0_74-b02)
# Java VM: Java HotSpot(TM) 64-Bit Server VM (25.74-b02 mixed mode windows-amd64 compressed oops)
Heap:
 PSYoungGen      total 209408K, used 167316K [0x00000000d5c00000, 0x00000000e3000000, 0x0000000100000000)
  eden space 201728K, 82% used [0x00000000d5c00000,0x00000000dff65068,0x00000000e2100000)
  from space 7680K, 0% used [0x00000000e2880000,0x00000000e2880000,0x00000000e3000000)
  to   space 7680K, 0% used [0x00000000e2100000,0x00000000e2100000,0x00000000e2880000)
 ParOldGen       total 111616K, used 30411K [0x0000000081400000, 0x0000000088100000, 0x00000000d5c00000)
  object space 111616K, 27% used [0x0000000081400000,0x00000000831b2c90,0x0000000088100000)
 Metaspace       used 58688K, capacity 62220K, committed 62296K, reserved 1103872K
  class space    used 7219K, capacity 8029K, committed 8064K, reserved 1048576K
GC Heap History (10 events):
Event: 10650.660 GC heap before
{Heap before GC invocations=68 (full 30):
 PSYoungGen      total 208896K, used 4399K [0x00000000d5c00000, 0x00000000e3000000, 0x0000000100000000)
  eden space 201728K, 0% used [0x00000000d5c00000,0x00000000d5c00000,0x00000000e2100000)
  from space 7168K, 61% used [0x00000000e2900000,0x00000000e2d4bd28,0x00000000e3000000)
  to   space 7680K, 0% used [0x00000000e2100000,0x00000000e2100000,0x00000000e2880000)
 ParOldGen       total 111616K, used 29640K [0x0000000081400000, 0x0000000088100000, 0x00000000d5c00000)
  object space 111616K, 26% used [0x0000000081400000,0x00000000830f2160,0x0000000088100000)
 Metaspace       used 57185K, capacity 60688K, committed 60888K, reserved 1101824K
  class space    used 7107K, capacity 7842K, committed 7936K, reserved 1048576K
Event: 10650.804 GC heap after
Heap after GC invocations=68 (full 30):
 PSYoungGen      total 208896K, used 0K [0x00000000d5c00000, 0x00000000e3000000, 0x0000000100000000)
  eden space 201728K, 0% used [0x00000000d5c00000,0x00000000d5c00000,0x00000000e2100000)
  from space 7168K, 0% used [0x00000000e2900000,0x00000000e2900000,0x00000000e3000000)
  to   space 7680K, 0% used [0x00000000e2100000,0x00000000e2100000,0x00000000e2880000)
 ParOldGen       total 111616K, used 29794K [0x0000000081400000, 0x0000000088100000, 0x00000000d5c00000)
  object space 111616K, 26% used [0x0000000081400000,0x0000000083118820,0x0000000088100000)
 Metaspace       used 57182K, capacity 60682K, committed 60888K, reserved 1101824K
  class space    used 7107K, capacity 7840K, committed 7936K, reserved 1048576K
}
Event: 10682.868 GC heap before
{Heap before GC invocations=69 (full 30):
 PSYoungGen      total 208896K, used 171588K [0x00000000d5c00000, 0x00000000e3000000, 0x0000000100000000)
  eden space 201728K, 85% used [0x00000000d5c00000,0x00000000e0391250,0x00000000e2100000)
  from space 7168K, 0% used [0x00000000e2900000,0x00000000e2900000,0x00000000e3000000)
  to   space 7680K, 0% used [0x00000000e2100000,0x00000000e2100000,0x00000000e2880000)
 ParOldGen       total 111616K, used 29794K [0x0000000081400000, 0x0000000088100000, 0x00000000d5c00000)
  object space 111616K, 26% used [0x0000000081400000,0x0000000083118820,0x0000000088100000)
 Metaspace       used 57676K, capacity 61070K, committed 61144K, reserved 1101824K
  class space    used 7142K, capacity 7883K, committed 7936K, reserved 1048576K
Event: 10682.880 GC heap after
Heap after GC invocations=69 (full 30):
 PSYoungGen      total 209408K, used 4447K [0x00000000d5c00000, 0x00000000e3000000, 0x0000000100000000)
  eden space 201728K, 0% used [0x00000000d5c00000,0x00000000d5c00000,0x00000000e2100000)
  from space 7680K, 57% used [0x00000000e2100000,0x00000000e2557d38,0x00000000e2880000)
  to   space 7680K, 0% used [0x00000000e2880000,0x00000000e2880000,0x00000000e3000000)
 ParOldGen       total 111616K, used 29802K [0x0000000081400000, 0x0000000088100000, 0x00000000d5c00000)
  object space 111616K, 26% used [0x0000000081400000,0x000000008311a820,0x0000000088100000)
 Metaspace       used 57676K, capacity 61070K, committed 61144K, reserved 1101824K
  class space    used 7142K, capacity 7883K, committed 7936K, reserved 1048576K
}
Event: 10682.880 GC heap before
{Heap before GC invocations=70 (full 31):
 PSYoungGen      total 209408K, used 4447K [0x00000000d5c00000, 0x00000000e3000000, 0x0000000100000000)
  eden space 201728K, 0% used [0x00000000d5c00000,0x00000000d5c00000,0x00000000e2100000)
  from space 7680K, 57% used [0x00000000e2100000,0x00000000e2557d38,0x00000000e2880000)
  to   space 7680K, 0% used [0x00000000e2880000,0x00000000e2880000,0x00000000e3000000)
 ParOldGen       total 111616K, used 29802K [0x0000000081400000, 0x0000000088100000, 0x00000000d5c00000)
  object space 111616K, 26% used [0x0000000081400000,0x000000008311a820,0x0000000088100000)
 Metaspace       used 57676K, capacity 61070K, committed 61144K, reserved 1101824K
  class space    used 7142K, capacity 7883K, committed 7936K, reserved 1048576K
Event: 10683.000 GC heap after
Heap after GC invocations=70 (full 31):
 PSYoungGen      total 209408K, used 0K [0x00000000d5c00000, 0x00000000e3000000, 0x0000000100000000)
  eden space 201728K, 0% used [0x00000000d5c00000,0x00000000d5c00000,0x00000000e2100000)
  from space 7680K, 0% used [0x00000000e2100000,0x00000000e2100000,0x00000000e2880000)
  to   space 7680K, 0% used [0x00000000e2880000,0x00000000e2880000,0x00000000e3000000)
 ParOldGen       total 111616K, used 29998K [0x0000000081400000, 0x0000000088100000, 0x00000000d5c00000)
  object space 111616K, 26% used [0x0000000081400000,0x000000008314bb18,0x0000000088100000)
 Metaspace       used 57673K, capacity 61064K, committed 61144K, reserved 1101824K
  class space    used 7142K, capacity 7881K, committed 7936K, reserved 1048576K
}
Event: 10744.094 GC heap before
{Heap before GC invocations=71 (full 31):
 PSYoungGen      total 209408K, used 177686K [0x00000000d5c00000, 0x00000000e3000000, 0x0000000100000000)
  eden space 201728K, 88% used [0x00000000d5c00000,0x00000000e09858c0,0x00000000e2100000)
  from space 7680K, 0% used [0x00000000e2100000,0x00000000e2100000,0x00000000e2880000)
  to   space 7680K, 0% used [0x00000000e2880000,0x00000000e2880000,0x00000000e3000000)
 ParOldGen       total 111616K, used 29998K [0x0000000081400000, 0x0000000088100000, 0x00000000d5c00000)
  object space 111616K, 26% used [0x0000000081400000,0x000000008314bb18,0x0000000088100000)
 Metaspace       used 58459K, capacity 61972K, committed 62296K, reserved 1103872K
  class space    used 7201K, capacity 7990K, committed 8064K, reserved 1048576K
Event: 10744.101 GC heap after
Heap after GC invocations=71 (full 31):
 PSYoungGen      total 209408K, used 4827K [0x00000000d5c00000, 0x00000000e3000000, 0x0000000100000000)
  eden space 201728K, 0% used [0x00000000d5c00000,0x00000000d5c00000,0x00000000e2100000)
  from space 7680K, 62% used [0x00000000e2880000,0x00000000e2d36ec8,0x00000000e3000000)
  to   space 7680K, 0% used [0x00000000e2100000,0x00000000e2100000,0x00000000e2880000)
 ParOldGen       total 111616K, used 30006K [0x0000000081400000, 0x0000000088100000, 0x00000000d5c00000)
  object space 111616K, 26% used [0x0000000081400000,0x000000008314db18,0x0000000088100000)
 Metaspace       used 58459K, capacity 61972K, committed 62296K, reserved 1103872K
  class space    used 7201K, capacity 7990K, committed 8064K, reserved 1048576K
}
Event: 10744.101 GC heap before
{Heap before GC invocations=72 (full 32):
 PSYoungGen      total 209408K, used 4827K [0x00000000d5c00000, 0x00000000e3000000, 0x0000000100000000)
  eden space 201728K, 0% used [0x00000000d5c00000,0x00000000d5c00000,0x00000000e2100000)
  from space 7680K, 62% used [0x00000000e2880000,0x00000000e2d36ec8,0x00000000e3000000)
  to   space 7680K, 0% used [0x00000000e2100000,0x00000000e2100000,0x00000000e2880000)
 ParOldGen       total 111616K, used 30006K [0x0000000081400000, 0x0000000088100000, 0x00000000d5c00000)
  object space 111616K, 26% used [0x0000000081400000,0x000000008314db18,0x0000000088100000)
 Metaspace       used 58459K, capacity 61972K, committed 62296K, reserved 1103872K
  class space    used 7201K, capacity 7990K, committed 8064K, reserved 1048576K
Event: 10744.303 GC heap after
Heap after GC invocations=72 (full 32):
 PSYoungGen      total 209408K, used 0K [0x00000000d5c00000, 0x00000000e3000000, 0x0000000100000000)
  eden space 201728K, 0% used [0x00000000d5c00000,0x00000000d5c00000,0x00000000e2100000)
  from space 7680K, 0% used [0x00000000e2880000,0x00000000e2880000,0x00000000e3000000)
  to   space 7680K, 0% used [0x00000000e2100000,0x00000000e2100000,0x00000000e2880000)
 ParOldGen       total 111616K, used 30411K [0x0000000081400000, 0x0000000088100000, 0x00000000d5c00000)
  object space 111616K, 27% used [0x0000000081400000,0x00000000831b2c90,0x0000000088100000)
 Metaspace       used 58457K, capacity 61966K, committed 62296K, reserved 1103872K
  class space    used 7200K, capacity 7988K, committed 8064K, reserved 1048576K
}

